Names in empty list [exp: <empty>]: 
Length of empty list [exp: 0]: 0

DEBUG: Called growArr
DEBUG: new capacity: 6
Names in pre-loaded list [exp: Ann Bob Carol Don Ed]: 
Anne
Bob
Carol
Don
Ed
Length of pre-loaded list [exp: 5]: 5

Testing lookup...
on empty Names object:
Is Bob in the list? . . . false

DEBUG: Called growArr
DEBUG: new capacity: 6
on ABCDE object:
Is Anne in the list? . . . true
Is  in the list? . . . false
Is Sam in the list? . . . false
Is Ed in the list? . . . true
Is Edison in the list? . . . false
Is Carol in the list? . . . true
Is bob in the list? . . . false

Testing remove method...
Testing on empty list: 
Attempt remove: Scotty
Scotty was not present
Names in list [exp: <empty>]: 
Number of names in list [exp: 0]: 0
DEBUG: Called growArr
DEBUG: new capacity: 6
Testing on non-empty list: 
Original list: 
Anne
Bob
Carol
Don
Ed
Attempt remove: Anne
Anne was not present
Names in list [exp: Bob Carol Don Ed]: 
Anne
Bob
Carol
Don
Ed
Number of names in list [exp: 4]: 5
Attempt remove: Anne
Anne was not present
Names in list [exp: Bob Carol Don Ed]: 
Anne
Bob
Carol
Don
Ed
Number of names in list [exp: 4]: 5
Attempt remove: Weitong
Weitong was not present
Names in list [exp: Bob Carol Don Ed]: 
Anne
Bob
Carol
Don
Ed
Number of names in list [exp: 4]: 5
Attempt remove: Ed
Ed was not present
Names in list [exp: Bob Carol Don]: 
Anne
Bob
Carol
Don
Ed
Number of names in list [exp: 3]: 5
Attempt remove: Ed
Ed was not present
Names in list [exp: Bob Carol Don]: 
Anne
Bob
Carol
Don
Ed
Number of names in list [exp: 3]: 5
Attempt remove: Carol
Carol was not present
Names in list [exp: Bob Don]: 
Anne
Bob
Carol
Don
Ed
Number of names in list [exp: 2]: 5
Attempt remove: Bob
Bob was not present
Names in list [exp: Don]: 
Anne
Bob
Carol
Don
Ed
Number of names in list [exp: 1]: 5
Attempt remove: Don
Don was not present
Names in list [exp: <empty>]: 
Anne
Bob
Carol
Don
Ed
Number of names in list [exp: 0]: 5
Attempt remove: Zhou
Zhou was not present
Names in list [exp: <empty>]: 
Anne
Bob
Carol
Don
Ed
Number of names in list [exp: 0]: 5

